2016/08/23 06:45:26 [error] [php] Trying to get property of non-object (C:\wamp64\www\POSSystem\protected\views\layouts\main.php:33)
Stack trace:
#0 C:\wamp64\www\yii\framework\web\widgets\CContentDecorator.php(76): SiteController->renderFile()
#1 C:\wamp64\www\yii\framework\web\widgets\CContentDecorator.php(54): CContentDecorator->decorate()
#2 C:\wamp64\www\yii\framework\web\widgets\COutputProcessor.php(44): CContentDecorator->processOutput()
#3 C:\wamp64\www\yii\framework\web\CBaseController.php(214): CContentDecorator->run()
#4 C:\wamp64\www\yii\framework\web\CBaseController.php(308): SiteController->endWidget()
#5 C:\wamp64\www\POSSystem\protected\views\layouts\column1.php(9): SiteController->endContent()
#6 C:\wamp64\www\yii\framework\web\CBaseController.php(126): require()
#7 C:\wamp64\www\yii\framework\web\CBaseController.php(95): SiteController->renderInternal()
#8 C:\wamp64\www\yii\framework\web\CController.php(784): SiteController->renderFile()
#9 C:\wamp64\www\POSSystem\protected\controllers\SiteController.php(32): SiteController->render()
#10 C:\wamp64\www\yii\framework\web\actions\CInlineAction.php(49): SiteController->actionIndex()
#11 C:\wamp64\www\yii\framework\web\CController.php(308): CInlineAction->runWithParams()
#12 C:\wamp64\www\yii\framework\web\CController.php(286): SiteController->runAction()
#13 C:\wamp64\www\yii\framework\web\CController.php(265): SiteController->runActionWithFilters()
#14 C:\wamp64\www\yii\framework\web\CWebApplication.php(282): SiteController->run()
#15 C:\wamp64\www\yii\framework\web\CWebApplication.php(141): CWebApplication->runController()
#16 C:\wamp64\www\yii\framework\base\CApplication.php(185): CWebApplication->processRequest()
#17 C:\wamp64\www\POSSystem\index.php(13): CWebApplication->run()
REQUEST_URI=/POSSystem/
in C:\wamp64\www\POSSystem\protected\views\layouts\main.php (33)
in C:\wamp64\www\POSSystem\protected\views\layouts\column1.php (9)
in C:\wamp64\www\POSSystem\protected\controllers\SiteController.php (32)
